This file contains any messages produced by compilers while
running configure, to aid debugging if configure makes a mistake.

It was created by iperf-rdma configure 1.0, which was
generated by GNU Autoconf 2.69.  Invocation command line was

  $ ./configure clean

## --------- ##
## Platform. ##
## --------- ##

hostname = fpga
uname -m = x86_64
uname -r = 5.15.0-78-generic
uname -s = Linux
uname -v = #85~20.04.1-Ubuntu SMP Mon Jul 17 09:42:39 UTC 2023

/usr/bin/uname -p = x86_64
/bin/uname -X     = unknown

/bin/arch              = x86_64
/usr/bin/arch -k       = unknown
/usr/convex/getsysinfo = unknown
/usr/bin/hostinfo      = unknown
/bin/machine           = unknown
/usr/bin/oslevel       = unknown
/bin/universe          = unknown

PATH: /home/kevin/.local/bin
PATH: /home/kevin/miniconda3/condabin
PATH: /home/kevin/.local/bin
PATH: /usr/local/sbin
PATH: /usr/local/bin
PATH: /usr/sbin
PATH: /usr/bin
PATH: /sbin
PATH: /bin
PATH: /usr/games
PATH: /usr/local/games
PATH: /snap/bin


## ----------- ##
## Core tests. ##
## ----------- ##

configure:2545: checking for a BSD-compatible install
configure:2613: result: /usr/bin/install -c
configure:2624: checking whether build environment is sane
configure:2674: result: yes
configure:2815: checking for a thread-safe mkdir -p
configure:2854: result: /usr/bin/mkdir -p
configure:2867: checking for gawk
configure:2883: found /usr/bin/gawk
configure:2894: result: gawk
configure:2905: checking whether make sets $(MAKE)
configure:2927: result: yes
configure:3091: checking for clean-g++
configure:3121: result: no
configure:3091: checking for clean-c++
configure:3121: result: no
configure:3091: checking for clean-gpp
configure:3121: result: no
configure:3091: checking for clean-aCC
configure:3121: result: no
configure:3091: checking for clean-CC
configure:3121: result: no
configure:3091: checking for clean-cxx
configure:3121: result: no
configure:3091: checking for clean-cc++
configure:3121: result: no
configure:3091: checking for clean-cl.exe
configure:3121: result: no
configure:3091: checking for clean-FCC
configure:3121: result: no
configure:3091: checking for clean-KCC
configure:3121: result: no
configure:3091: checking for clean-RCC
configure:3121: result: no
configure:3091: checking for clean-xlC_r
configure:3121: result: no
configure:3091: checking for clean-xlC
configure:3121: result: no
configure:3135: checking for g++
configure:3151: found /usr/bin/g++
configure:3162: result: g++
configure:3189: checking for C++ compiler version
configure:3198: g++ --version >&5
g++ (Ubuntu 11.4.0-2ubuntu1~20.04) 11.4.0
Copyright (C) 2021 Free Software Foundation, Inc.
This is free software; see the source for copying conditions.  There is NO
warranty; not even for MERCHANTABILITY or FITNESS FOR A PARTICULAR PURPOSE.

configure:3209: $? = 0
configure:3198: g++ -v >&5
Using built-in specs.
COLLECT_GCC=g++
COLLECT_LTO_WRAPPER=/usr/lib/gcc/x86_64-linux-gnu/11/lto-wrapper
OFFLOAD_TARGET_NAMES=nvptx-none:amdgcn-amdhsa
OFFLOAD_TARGET_DEFAULT=1
Target: x86_64-linux-gnu
Configured with: ../src/configure -v --with-pkgversion='Ubuntu 11.4.0-2ubuntu1~20.04' --with-bugurl=file:///usr/share/doc/gcc-11/README.Bugs --enable-languages=c,ada,c++,go,brig,d,fortran,objc,obj-c++,m2 --prefix=/usr --with-gcc-major-version-only --program-suffix=-11 --program-prefix=x86_64-linux-gnu- --enable-shared --enable-linker-build-id --libexecdir=/usr/lib --without-included-gettext --enable-threads=posix --libdir=/usr/lib --enable-nls --enable-bootstrap --enable-clocale=gnu --enable-libstdcxx-debug --enable-libstdcxx-time=yes --with-default-libstdcxx-abi=new --enable-gnu-unique-object --disable-vtable-verify --enable-plugin --enable-default-pie --with-system-zlib --enable-libphobos-checking=release --with-target-system-zlib=auto --enable-objc-gc=auto --enable-multiarch --disable-werror --enable-cet --with-arch-32=i686 --with-abi=m64 --with-multilib-list=m32,m64,mx32 --enable-multilib --with-tune=generic --enable-offload-targets=nvptx-none=/build/gcc-11-PfdVzN/gcc-11-11.4.0/debian/tmp-nvptx/usr,amdgcn-amdhsa=/build/gcc-11-PfdVzN/gcc-11-11.4.0/debian/tmp-gcn/usr --without-cuda-driver --enable-checking=release --build=x86_64-linux-gnu --host=x86_64-linux-gnu --target=x86_64-linux-gnu --with-build-config=bootstrap-lto-lean --enable-link-serialization=2
Thread model: posix
Supported LTO compression algorithms: zlib zstd
gcc version 11.4.0 (Ubuntu 11.4.0-2ubuntu1~20.04) 
... rest of stderr output deleted ...
configure:3209: $? = 0
configure:3198: g++ -V >&5
g++: error: unrecognized command-line option '-V'
g++: fatal error: no input files
compilation terminated.
configure:3209: $? = 1
configure:3198: g++ -qversion >&5
g++: error: unrecognized command-line option '-qversion'; did you mean '--version'?
g++: fatal error: no input files
compilation terminated.
configure:3209: $? = 1
configure:3229: checking whether the C++ compiler works
configure:3251: g++    conftest.cpp  >&5
configure:3255: $? = 0
configure:3303: result: yes
configure:3306: checking for C++ compiler default output file name
configure:3308: result: a.out
configure:3314: checking for suffix of executables
configure:3321: g++ -o conftest    conftest.cpp  >&5
configure:3325: $? = 0
configure:3347: result: 
configure:3369: checking whether we are cross compiling
configure:3377: g++ -o conftest    conftest.cpp  >&5
configure:3381: $? = 0
configure:3388: ./conftest
configure:3392: $? = 0
configure:3380: result: no
configure:3385: checking for suffix of object files
configure:3407: g++ -c   conftest.cpp >&5
configure:3411: $? = 0
configure:3432: result: o
configure:3436: checking whether we are using the GNU C++ compiler
configure:3455: g++ -c   conftest.cpp >&5
configure:3455: $? = 0
configure:3464: result: yes
configure:3473: checking whether g++ accepts -g
configure:3493: g++ -c -g  conftest.cpp >&5
configure:3493: $? = 0
configure:3534: result: yes
configure:3568: checking for style of include used by make
configure:3596: result: GNU
configure:3621: checking dependency style of g++
configure:3731: result: gcc3
configure:3755: checking for clean-gcc
configure:3785: result: no
configure:3795: checking for gcc
configure:3811: found /usr/bin/gcc
configure:3822: result: gcc
configure:4051: checking for C compiler version
configure:4060: gcc --version >&5
gcc (Ubuntu 11.4.0-2ubuntu1~20.04) 11.4.0
Copyright (C) 2021 Free Software Foundation, Inc.
This is free software; see the source for copying conditions.  There is NO
warranty; not even for MERCHANTABILITY or FITNESS FOR A PARTICULAR PURPOSE.

configure:4071: $? = 0
configure:4060: gcc -v >&5
Using built-in specs.
COLLECT_GCC=gcc
COLLECT_LTO_WRAPPER=/usr/lib/gcc/x86_64-linux-gnu/11/lto-wrapper
OFFLOAD_TARGET_NAMES=nvptx-none:amdgcn-amdhsa
OFFLOAD_TARGET_DEFAULT=1
Target: x86_64-linux-gnu
Configured with: ../src/configure -v --with-pkgversion='Ubuntu 11.4.0-2ubuntu1~20.04' --with-bugurl=file:///usr/share/doc/gcc-11/README.Bugs --enable-languages=c,ada,c++,go,brig,d,fortran,objc,obj-c++,m2 --prefix=/usr --with-gcc-major-version-only --program-suffix=-11 --program-prefix=x86_64-linux-gnu- --enable-shared --enable-linker-build-id --libexecdir=/usr/lib --without-included-gettext --enable-threads=posix --libdir=/usr/lib --enable-nls --enable-bootstrap --enable-clocale=gnu --enable-libstdcxx-debug --enable-libstdcxx-time=yes --with-default-libstdcxx-abi=new --enable-gnu-unique-object --disable-vtable-verify --enable-plugin --enable-default-pie --with-system-zlib --enable-libphobos-checking=release --with-target-system-zlib=auto --enable-objc-gc=auto --enable-multiarch --disable-werror --enable-cet --with-arch-32=i686 --with-abi=m64 --with-multilib-list=m32,m64,mx32 --enable-multilib --with-tune=generic --enable-offload-targets=nvptx-none=/build/gcc-11-PfdVzN/gcc-11-11.4.0/debian/tmp-nvptx/usr,amdgcn-amdhsa=/build/gcc-11-PfdVzN/gcc-11-11.4.0/debian/tmp-gcn/usr --without-cuda-driver --enable-checking=release --build=x86_64-linux-gnu --host=x86_64-linux-gnu --target=x86_64-linux-gnu --with-build-config=bootstrap-lto-lean --enable-link-serialization=2
Thread model: posix
Supported LTO compression algorithms: zlib zstd
gcc version 11.4.0 (Ubuntu 11.4.0-2ubuntu1~20.04) 
... rest of stderr output deleted ...
configure:4071: $? = 0
configure:4060: gcc -V >&5
gcc: error: unrecognized command-line option '-V'
gcc: fatal error: no input files
compilation terminated.
configure:4071: $? = 1
configure:4060: gcc -qversion >&5
gcc: error: unrecognized command-line option '-qversion'; did you mean '--version'?
gcc: fatal error: no input files
compilation terminated.
configure:4071: $? = 1
configure:4075: checking whether we are using the GNU C compiler
configure:4094: gcc -c   conftest.c >&5
configure:4094: $? = 0
configure:4103: result: yes
configure:4112: checking whether gcc accepts -g
configure:4132: gcc -c -g  conftest.c >&5
configure:4132: $? = 0
configure:4173: result: yes
configure:4190: checking for gcc option to accept ISO C89
configure:4253: gcc  -c -g -O2  conftest.c >&5
configure:4253: $? = 0
configure:4266: result: none needed
configure:4288: checking dependency style of gcc
configure:4398: result: gcc3
configure:4415: checking for library containing strerror
configure:4446: gcc -o conftest  -O2    conftest.c  >&5
configure:4446: $? = 0
configure:4463: result: none required
configure:4472: checking whether make sets $(MAKE)
configure:4494: result: yes
configure:4506: checking for clean-ranlib
configure:4536: result: no
configure:4546: checking for ranlib
configure:4562: found /usr/bin/ranlib
configure:4573: result: ranlib
configure:4605: checking build system type
configure:4616: error: /bin/bash ./config.sub clean failed

## ---------------- ##
## Cache variables. ##
## ---------------- ##

ac_cv_build=
ac_cv_c_compiler_gnu=yes
ac_cv_cxx_compiler_gnu=yes
ac_cv_env_CCC_set=
ac_cv_env_CCC_value=
ac_cv_env_CC_set=
ac_cv_env_CC_value=
ac_cv_env_CFLAGS_set=
ac_cv_env_CFLAGS_value=
ac_cv_env_CPPFLAGS_set=
ac_cv_env_CPPFLAGS_value=
ac_cv_env_CPP_set=
ac_cv_env_CPP_value=
ac_cv_env_CXXFLAGS_set=
ac_cv_env_CXXFLAGS_value=
ac_cv_env_CXX_set=
ac_cv_env_CXX_value=
ac_cv_env_LDFLAGS_set=
ac_cv_env_LDFLAGS_value=
ac_cv_env_LIBS_set=
ac_cv_env_LIBS_value=
ac_cv_env_build_alias_set=set
ac_cv_env_build_alias_value=clean
ac_cv_env_host_alias_set=set
ac_cv_env_host_alias_value=clean
ac_cv_env_target_alias_set=set
ac_cv_env_target_alias_value=clean
ac_cv_objext=o
ac_cv_path_install='/usr/bin/install -c'
ac_cv_path_mkdir=/usr/bin/mkdir
ac_cv_prog_AWK=gawk
ac_cv_prog_ac_ct_CC=gcc
ac_cv_prog_ac_ct_CXX=g++
ac_cv_prog_ac_ct_RANLIB=ranlib
ac_cv_prog_cc_c89=
ac_cv_prog_cc_g=yes
ac_cv_prog_cxx_g=yes
ac_cv_prog_make_make_set=yes
ac_cv_search_strerror='none required'
am_cv_CC_dependencies_compiler_type=gcc3
am_cv_CXX_dependencies_compiler_type=gcc3

## ----------------- ##
## Output variables. ##
## ----------------- ##

ACLOCAL='${SHELL} /home/kevin/work/iperf-rdma-git/iperf-rdma/missing --run aclocal-1.11'
AMDEPBACKSLASH='\'
AMDEP_FALSE='#'
AMDEP_TRUE=''
AMTAR='${SHELL} /home/kevin/work/iperf-rdma-git/iperf-rdma/missing --run tar'
AUTOCONF='${SHELL} /home/kevin/work/iperf-rdma-git/iperf-rdma/missing --run autoconf'
AUTOHEADER='${SHELL} /home/kevin/work/iperf-rdma-git/iperf-rdma/missing --run autoheader'
AUTOMAKE='${SHELL} /home/kevin/work/iperf-rdma-git/iperf-rdma/missing --run automake-1.11'
AWK='gawk'
CC='gcc'
CCDEPMODE='depmode=gcc3'
CFLAGS=' -O2 '
CPP=''
CPPFLAGS=''
CXX='g++'
CXXDEPMODE='depmode=gcc3'
CXXFLAGS=' -O2 '
CYGPATH_W='echo'
DEFS=''
DEPDIR='.deps'
ECHO_C=''
ECHO_N='-n'
ECHO_T=''
EGREP=''
EXEEXT=''
GREP=''
INSTALL_DATA='${INSTALL} -m 644'
INSTALL_PROGRAM='${INSTALL}'
INSTALL_SCRIPT='${INSTALL}'
INSTALL_STRIP_PROGRAM='$(install_sh) -c -s'
LDFLAGS=''
LIBOBJS=''
LIBS=''
LTLIBOBJS=''
MAKEINFO='${SHELL} /home/kevin/work/iperf-rdma-git/iperf-rdma/missing --run makeinfo'
MKDIR_P='/usr/bin/mkdir -p'
OBJEXT='o'
PACKAGE='iperf-rdma'
PACKAGE_BUGREPORT=''
PACKAGE_NAME='iperf-rdma'
PACKAGE_STRING='iperf-rdma 1.0'
PACKAGE_TARNAME='iperf-rdma'
PACKAGE_URL=''
PACKAGE_VERSION='1.0'
PATH_SEPARATOR=':'
PTHREAD_CC=''
PTHREAD_CFLAGS=''
PTHREAD_LIBS=''
RANLIB='ranlib'
SET_MAKE=''
SHELL='/bin/bash'
STRIP=''
STRIP_BEGIN=''
STRIP_DUMMY=''
STRIP_END=''
VERSION='1.0'
WEB100_CFLAGS=''
WEB100_CONFIG=''
WEB100_LIBS=''
ac_ct_CC='gcc'
ac_ct_CXX='g++'
acx_pthread_config=''
am__EXEEXT_FALSE=''
am__EXEEXT_TRUE=''
am__fastdepCC_FALSE='#'
am__fastdepCC_TRUE=''
am__fastdepCXX_FALSE='#'
am__fastdepCXX_TRUE=''
am__include='include'
am__isrc=''
am__leading_dot='.'
am__quote=''
am__tar='${AMTAR} chof - "$$tardir"'
am__untar='${AMTAR} xf -'
bindir='${exec_prefix}/bin'
build='clean'
build_alias='clean'
build_cpu=''
build_os=''
build_vendor=''
datadir='${datarootdir}'
datarootdir='${prefix}/share'
docdir='${datarootdir}/doc/${PACKAGE_TARNAME}'
dvidir='${docdir}'
exec_prefix='NONE'
host='clean'
host_alias='clean'
host_cpu=''
host_os=''
host_vendor=''
htmldir='${docdir}'
includedir='${prefix}/include'
infodir='${datarootdir}/info'
install_sh='${SHELL} /home/kevin/work/iperf-rdma-git/iperf-rdma/install-sh'
libdir='${exec_prefix}/lib'
libexecdir='${exec_prefix}/libexec'
localedir='${datarootdir}/locale'
localstatedir='${prefix}/var'
mandir='${datarootdir}/man'
mkdir_p='/usr/bin/mkdir -p'
oldincludedir='/usr/include'
pdfdir='${docdir}'
prefix='NONE'
program_transform_name='s,x,x,'
psdir='${docdir}'
runstatedir='${localstatedir}/run'
sbindir='${exec_prefix}/sbin'
sharedstatedir='${prefix}/com'
sysconfdir='${prefix}/etc'
target_alias='clean'

## ----------- ##
## confdefs.h. ##
## ----------- ##

/* confdefs.h */
#define PACKAGE_NAME "iperf-rdma"
#define PACKAGE_TARNAME "iperf-rdma"
#define PACKAGE_VERSION "1.0"
#define PACKAGE_STRING "iperf-rdma 1.0"
#define PACKAGE_BUGREPORT ""
#define PACKAGE_URL ""
#define PACKAGE "iperf-rdma"
#define VERSION "1.0"

configure: exit 1
